<?xml version="1.0" encoding="utf-8"?>
<LinearLayout
    xmlns:android="http://schemas.android.com/apk/res/android"
    android:orientation="vertical"
    android:layout_width="fill_parent"
    android:layout_height="fill_parent">

    <TextView
        android:layout_height="wrap_content"
        android:layout_width="fill_parent"
        android:scrollbars="vertical"
        android:singleLine="false"
        android:maxLines="70"
        android:text="@string/bt_mac_text"
        android:textColor="#00FF00"
        android:textSize ="15sp"
        android:id="@+id/test_result_txt">
        </TextView>

</LinearLayout>

